<?xml version="1.0" encoding="UTF-8"?>
<!-- Generated by org.testng.reporters.JUnitReportReporter -->
<testsuite hostname="DESKTOP-VT6ITUR" failures="0" tests="4" name="api.test.UserTests" time="8.403" errors="0" timestamp="2024-01-20T20:13:10 IST" skipped="0">
  <testcase classname="api.test.UserTests" name="testPostUser" time="4.770"/>
  <system-out/>
  <testcase classname="api.test.UserTests" name="testGetUser" time="1.207"/>
  <system-out/>
  <testcase classname="api.test.UserTests" name="testUpdateUser" time="1.270"/>
  <system-out/>
  <testcase classname="api.test.UserTests" name="testDeleteUser" time="1.156"/>
  <system-out/>
</testsuite> <!-- api.test.UserTests -->
