<?xml version="1.0" encoding="UTF-8"?>
<!-- Generated by org.testng.reporters.JUnitReportReporter -->
<testsuite hostname="DESKTOP-VT6ITUR" failures="0" tests="4" name="api.test.UserTests2" time="11.230" errors="0" timestamp="2024-01-22T22:13:30 IST" skipped="0">
  <testcase classname="api.test.UserTests2" name="testPostUser" time="5.271"/>
  <system-out/>
  <testcase classname="api.test.UserTests2" name="testGetUser" time="1.897"/>
  <system-out/>
  <testcase classname="api.test.UserTests2" name="testUpdateUser" time="2.267"/>
  <system-out/>
  <testcase classname="api.test.UserTests2" name="testDeleteUser" time="1.795"/>
  <system-out/>
</testsuite> <!-- api.test.UserTests2 -->
