<?xml version="1.0" encoding="UTF-8"?>
<!-- Generated by org.testng.reporters.JUnitReportReporter -->
<testsuite hostname="DESKTOP-VT6ITUR" failures="0" tests="4" name="api.test.UserTests2" time="8.873" errors="0" timestamp="2024-01-22T22:55:01 IST" skipped="0">
  <testcase classname="api.test.UserTests2" name="testPostUser" time="5.165"/>
  <system-out/>
  <testcase classname="api.test.UserTests2" name="testGetUser" time="1.306"/>
  <system-out/>
  <testcase classname="api.test.UserTests2" name="testUpdateUser" time="1.210"/>
  <system-out/>
  <testcase classname="api.test.UserTests2" name="testDeleteUser" time="1.192"/>
  <system-out/>
</testsuite> <!-- api.test.UserTests2 -->
